#
# There is insufficient memory for the Java Runtime Environment to continue.
# Native memory allocation (mmap) failed to map 532676608 bytes for G1 virtual space
# Possible reasons:
#   The system is out of physical RAM or swap space
#   The process is running with CompressedOops enabled, and the Java Heap may be blocking the growth of the native heap
# Possible solutions:
#   Reduce memory load on the system
#   Increase physical memory or swap space
#   Check if swap backing store is full
#   Decrease Java heap size (-Xmx/-Xms)
#   Decrease number of Java threads
#   Decrease Java thread stack sizes (-Xss)
#   Set larger code cache with -XX:ReservedCodeCacheSize=
#   JVM is running with Zero Based Compressed Oops mode in which the Java heap is
#     placed in the first 32GB address space. The Java Heap base address is the
#     maximum limit for the native heap growth. Please use -XX:HeapBaseMinAddress
#     to set the Java Heap base and to place the Java Heap above 32GB virtual address.
# This output file may be truncated or incomplete.
#
#  Out of Memory Error (os_windows.cpp:3548), pid=14788, tid=15732
#
# JRE version:  (17.0.12+8) (build )
# Java VM: Java HotSpot(TM) 64-Bit Server VM (17.0.12+8-LTS-286, mixed mode, sharing, tiered, compressed oops, compressed class ptrs, g1 gc, windows-amd64)
# No core dump will be written. Minidumps are not enabled by default on client versions of Windows
#

---------------  S U M M A R Y ------------

Command Line: -XX:+ShowCodeDetailsInExceptionMessages -agentlib:jdwp=transport=dt_socket,suspend=y,address=localhost:53759 -javaagent:D:\DEV05\install\2.eclipse\eclipse-jee-2025-03-R-win32-x86_64\eclipse\configuration\org.eclipse.osgi\440\0\.cp\lib\javaagent-shaded.jar -Dfile.encoding=UTF-8 -Dstdout.encoding=UTF-8 -Dstderr.encoding=UTF-8 jdbc.mvc.main.BookMain

Host: 13th Gen Intel(R) Core(TM) i7-13700, 24 cores, 31G,  Windows 11 , 64 bit Build 26100 (10.0.26100.3912)
Time: Mon Jun 23 12:58:01 2025  Windows 11 , 64 bit Build 26100 (10.0.26100.3912) elapsed time: 0.007889 seconds (0d 0h 0m 0s)

---------------  T H R E A D  ---------------

Current thread (0x000001d2ec4ace70):  JavaThread "Unknown thread" [_thread_in_vm, id=15732, stack(0x0000007efa700000,0x0000007efa800000)]

Stack: [0x0000007efa700000,0x0000007efa800000]
Native frames: (J=compiled Java code, j=interpreted, Vv=VM code, C=native code)
V  [jvm.dll+0x67a04a]
V  [jvm.dll+0x7da4ed]
V  [jvm.dll+0x7dbe33]
V  [jvm.dll+0x7dc4a3]
V  [jvm.dll+0x24508f]
V  [jvm.dll+0x677089]
V  [jvm.dll+0x66bd32]
V  [jvm.dll+0x301fa6]
V  [jvm.dll+0x309546]
V  [jvm.dll+0x359d2e]
V  [jvm.dll+0x359f5f]
V  [jvm.dll+0x2d9078]
V  [jvm.dll+0x2d9fe4]
V  [jvm.dll+0x7aca21]
V  [jvm.dll+0x367591]
V  [jvm.dll+0x78b999]
V  [jvm.dll+0x3ec83f]
V  [jvm.dll+0x3ee471]
C  [jli.dll+0x5297]
C  [ucrtbase.dll+0x37b0]
C  [KERNEL32.DLL+0x2e8d7]
C  [ntdll.dll+0x9c5dc]


---------------  P R O C E S S  ---------------

Threads class SMR info:
_java_thread_list=0x00007ffed2bc7a18, length=0, elements={
}

Java Threads: ( => current thread )

Other Threads:
  0x000001d2ec55c930 GCTaskThread "GC Thread#0" [stack: 0x0000007efa800000,0x0000007efa900000] [id=11776]
  0x000001d2ec4ca7b0 ConcurrentGCThread "G1 Main Marker" [stack: 0x0000007efa900000,0x0000007efaa00000] [id=7424]
  0x000001d2ec5701f0 ConcurrentGCThread "G1 Conc#0" [stack: 0x0000007efaa00000,0x0000007efab00000] [id=16052]

[error occurred during error reporting (printing all threads), id 0xc0000005, EXCEPTION_ACCESS_VIOLATION (0xc0000005) at pc=0x00007ffed23f9b67]

VM state: not at safepoint (not fully initialized)

VM Mutex/Monitor currently owned by a thread:  ([mutex/lock_event])
[0x000001d2ec4a8680] Heap_lock - owner thread: 0x000001d2ec4ace70

Heap address: 0x0000000605c00000, size: 8100 MB, Compressed Oops mode: Zero based, Oop shift amount: 3

CDS archive(s) mapped at: [0x0000000000000000-0x0000000000000000-0x0000000000000000), size 0, SharedBaseAddress: 0x0000000800000000, ArchiveRelocationMode: 1.
Narrow klass base: 0x0000000000000000, Narrow klass shift: 0, Narrow klass range: 0x0

GC Precious Log:
<Empty>

Heap:
 garbage-first heap   total 0K, used 0K [0x0000000605c00000, 0x0000000800000000)
  region size 4096K, 0 young (0K), 0 survivors (0K)

[error occurred during error reporting (printing heap information), id 0xc0000005, EXCEPTION_ACCESS_VIOLATION (0xc0000005) at pc=0x00007ffed27e3859]

GC Heap History (0 events):
No events

Deoptimization events (0 events):
No events

Classes unloaded (0 events):
No events

Classes redefined (0 events):
No events

Internal exceptions (0 events):
No events

VM Operations (0 events):
No events

Events (1 events):
Event: 0.004 Loaded shared library C:\Program Files\Java\jdk-17\bin\java.dll


Dynamic libraries:
0x00007ff73f6d0000 - 0x00007ff73f6e0000 	C:\Program Files\Java\jdk-17\bin\javaw.exe
0x00007fff510a0000 - 0x00007fff51306000 	C:\WINDOWS\SYSTEM32\ntdll.dll
0x00007fff50560000 - 0x00007fff50629000 	C:\WINDOWS\System32\KERNEL32.DLL
0x00007fff4e230000 - 0x00007fff4e5fc000 	C:\WINDOWS\System32\KERNELBASE.dll
0x00007fff4eba0000 - 0x00007fff4eceb000 	C:\WINDOWS\System32\ucrtbase.dll
0x00007fff36ce0000 - 0x00007fff36cfb000 	C:\Program Files\Java\jdk-17\bin\VCRUNTIME140.dll
0x00007fff369f0000 - 0x00007fff36a09000 	C:\Program Files\Java\jdk-17\bin\jli.dll
0x00007fff4fc30000 - 0x00007fff4fce2000 	C:\WINDOWS\System32\ADVAPI32.dll
0x00007fff4fed0000 - 0x00007fff4ff79000 	C:\WINDOWS\System32\msvcrt.dll
0x00007fff501f0000 - 0x00007fff50296000 	C:\WINDOWS\System32\sechost.dll
0x00007fff500d0000 - 0x00007fff501e6000 	C:\WINDOWS\System32\RPCRT4.dll
0x00007fff4fcf0000 - 0x00007fff4feba000 	C:\WINDOWS\System32\USER32.dll
0x00007fff4eae0000 - 0x00007fff4eb07000 	C:\WINDOWS\System32\win32u.dll
0x00007fff4f020000 - 0x00007fff4f04b000 	C:\WINDOWS\System32\GDI32.dll
0x00007fff4e900000 - 0x00007fff4ea32000 	C:\WINDOWS\System32\gdi32full.dll
0x00007fff4ecf0000 - 0x00007fff4ed93000 	C:\WINDOWS\System32\msvcp_win.dll
0x00007fff29d10000 - 0x00007fff29faa000 	C:\WINDOWS\WinSxS\amd64_microsoft.windows.common-controls_6595b64144ccf1df_6.0.26100.3912_none_3e07963ce335137e\COMCTL32.dll
0x00007fff47930000 - 0x00007fff4793b000 	C:\WINDOWS\SYSTEM32\VERSION.dll
0x00007fff4fbf0000 - 0x00007fff4fc20000 	C:\WINDOWS\System32\IMM32.DLL
0x00007fff3b270000 - 0x00007fff3b27c000 	C:\Program Files\Java\jdk-17\bin\vcruntime140_1.dll
0x00007fff36960000 - 0x00007fff369ee000 	C:\Program Files\Java\jdk-17\bin\msvcp140.dll
0x00007ffed2110000 - 0x00007ffed2cf0000 	C:\Program Files\Java\jdk-17\bin\server\jvm.dll
0x00007fff4ff80000 - 0x00007fff4ff88000 	C:\WINDOWS\System32\PSAPI.DLL
0x00007fff3e190000 - 0x00007fff3e19a000 	C:\WINDOWS\SYSTEM32\WSOCK32.dll
0x00007fff43ca0000 - 0x00007fff43cd6000 	C:\WINDOWS\SYSTEM32\WINMM.dll
0x00007fff50300000 - 0x00007fff50374000 	C:\WINDOWS\System32\WS2_32.dll
0x00007fff4cfb0000 - 0x00007fff4cfca000 	C:\WINDOWS\SYSTEM32\kernel.appcore.dll
0x00007fff3a270000 - 0x00007fff3a27a000 	C:\Program Files\Java\jdk-17\bin\jimage.dll
0x00007fff4b8d0000 - 0x00007fff4bb11000 	C:\WINDOWS\SYSTEM32\DBGHELP.DLL
0x00007fff50840000 - 0x00007fff50bc4000 	C:\WINDOWS\System32\combase.dll
0x00007fff50470000 - 0x00007fff50550000 	C:\WINDOWS\System32\OLEAUT32.dll
0x00007fff3b230000 - 0x00007fff3b269000 	C:\WINDOWS\SYSTEM32\dbgcore.DLL
0x00007fff4ea40000 - 0x00007fff4ead9000 	C:\WINDOWS\System32\bcryptPrimitives.dll
0x00007fff36920000 - 0x00007fff3695b000 	C:\Program Files\Java\jdk-17\bin\jdwp.dll
0x00007fff38c10000 - 0x00007fff38c1e000 	C:\Program Files\Java\jdk-17\bin\instrument.dll
0x00007fff35fb0000 - 0x00007fff35fd5000 	C:\Program Files\Java\jdk-17\bin\java.dll

dbghelp: loaded successfully - version: 4.0.5 - missing functions: none
symbol engine: initialized successfully - sym options: 0x614 - pdb path: .;C:\Program Files\Java\jdk-17\bin;C:\WINDOWS\SYSTEM32;C:\WINDOWS\WinSxS\amd64_microsoft.windows.common-controls_6595b64144ccf1df_6.0.26100.3912_none_3e07963ce335137e;C:\Program Files\Java\jdk-17\bin\server

VM Arguments:
jvm_args: -XX:+ShowCodeDetailsInExceptionMessages -agentlib:jdwp=transport=dt_socket,suspend=y,address=localhost:53759 -javaagent:D:\DEV05\install\2.eclipse\eclipse-jee-2025-03-R-win32-x86_64\eclipse\configuration\org.eclipse.osgi\440\0\.cp\lib\javaagent-shaded.jar -Dfile.encoding=UTF-8 -Dstdout.encoding=UTF-8 -Dstderr.encoding=UTF-8 
java_command: jdbc.mvc.main.BookMain
java_class_path (initial): D:\DEV05\workspace\jdbc_pj_book\bin;D:\DEV05\install\3.Oracle\ojdbc6.jar
Launcher Type: SUN_STANDARD

[Global flags]
     intx CICompilerCount                          = 12                                        {product} {ergonomic}
     uint ConcGCThreads                            = 5                                         {product} {ergonomic}
     uint G1ConcRefinementThreads                  = 18                                        {product} {ergonomic}
   size_t G1HeapRegionSize                         = 4194304                                   {product} {ergonomic}
    uintx GCDrainStackTargetSize                   = 64                                        {product} {ergonomic}
   size_t InitialHeapSize                          = 532676608                                 {product} {ergonomic}
   size_t MarkStackSize                            = 4194304                                   {product} {ergonomic}
   size_t MaxHeapSize                              = 8493465600                                {product} {ergonomic}
   size_t MinHeapDeltaBytes                        = 4194304                                   {product} {ergonomic}
   size_t MinHeapSize                              = 8388608                                   {product} {ergonomic}
    uintx NonNMethodCodeHeapSize                   = 7602480                                {pd product} {ergonomic}
    uintx NonProfiledCodeHeapSize                  = 122027880                              {pd product} {ergonomic}
    uintx ProfiledCodeHeapSize                     = 122027880                              {pd product} {ergonomic}
    uintx ReservedCodeCacheSize                    = 251658240                              {pd product} {ergonomic}
     bool SegmentedCodeCache                       = true                                      {product} {ergonomic}
     bool ShowCodeDetailsInExceptionMessages       = true                                   {manageable} {command line}
   size_t SoftMaxHeapSize                          = 8493465600                             {manageable} {ergonomic}
     bool UseCompressedClassPointers               = true                           {product lp64_product} {ergonomic}
     bool UseCompressedOops                        = true                           {product lp64_product} {ergonomic}
     bool UseG1GC                                  = true                                      {product} {ergonomic}
     bool UseLargePagesIndividualAllocation        = false                                  {pd product} {ergonomic}

Logging:
Log output configuration:
 #0: stdout all=warning uptime,level,tags
 #1: stderr all=off uptime,level,tags

Environment Variables:
PATH=D:/DEV05/install/2.eclipse/eclipse-jee-2025-03-R-win32-x86_64/eclipse//plugins/org.eclipse.justj.openjdk.hotspot.jre.full.win32.x86_64_21.0.6.v20250130-0529/jre/bin/server;D:/DEV05/install/2.eclipse/eclipse-jee-2025-03-R-win32-x86_64/eclipse//plugins/org.eclipse.justj.openjdk.hotspot.jre.full.win32.x86_64_21.0.6.v20250130-0529/jre/bin;C:\oraclexe\app\oracle\product\11.2.0\server\bin;;C:\Program Files\Common Files\Oracle\Java\javapath;C:\WINDOWS\system32;C:\WINDOWS;C:\WINDOWS\System32\Wbem;C:\WINDOWS\System32\WindowsPowerShell\v1.0\;C:\WINDOWS\System32\OpenSSH\;C:\Program Files\Java\jdk-17\bin;C:\Users\ict1\AppData\Local\Microsoft\WindowsApps;;D:\DEV05\install\2.eclipse\eclipse-jee-2025-03-R-win32-x86_64\eclipse;
USERNAME=ict1
OS=Windows_NT
PROCESSOR_IDENTIFIER=Intel64 Family 6 Model 183 Stepping 1, GenuineIntel



---------------  S Y S T E M  ---------------

OS:
 Windows 11 , 64 bit Build 26100 (10.0.26100.3912)
OS uptime: 27 days 18:27 hours
Hyper-V role detected

CPU: total 24 (initial active 24) (12 cores per cpu, 2 threads per core) family 6 model 183 stepping 1 microcode 0x12b, cx8, cmov, fxsr, ht, mmx, 3dnowpref, sse, sse2, sse3, ssse3, sse4.1, sse4.2, popcnt, lzcnt, tsc, tscinvbit, avx, avx2, aes, erms, clmul, bmi1, bmi2, adx, sha, fma, vzeroupper, clflush, clflushopt, clwb, hv

Memory: 4k page, system-wide physical 32396M (5969M free)
TotalPageFile size 92921M (AvailPageFile size 342M)
current process WorkingSet (physical memory assigned to process): 13M, peak: 13M
current process commit charge ("private bytes"): 81M, peak: 589M

vm_info: Java HotSpot(TM) 64-Bit Server VM (17.0.12+8-LTS-286) for windows-amd64 JRE (17.0.12+8-LTS-286), built on Jun  5 2024 06:46:59 by "mach5one" with MS VC++ 17.6 (VS2022)

END.
